<?xml version="1.0" encoding="UTF-8"?>
<!-- Generated by org.testng.reporters.JUnitReportReporter -->
<testsuite hostname="TechAltum-PC" name="oct_15.TC01" tests="1" failures="0" timestamp="15 Oct 2017 07:34:43 GMT" time="20.135" errors="0">
  <testcase name="testCase01" time="20.135" classname="oct_15.TC01"/>
</testsuite> <!-- oct_15.TC01 -->
