<?xml version="1.0" encoding="UTF-8"?>
<!-- Generated by org.testng.reporters.JUnitReportReporter -->
<testsuite hostname="TechAltum-PC" name="nov_18.ReadDataFromPropFile" tests="1" failures="0" timestamp="18 Nov 2017 06:20:09 GMT" time="0.096" errors="0">
  <testcase name="readDataFrmPropFile" time="0.096" classname="nov_18.ReadDataFromPropFile"/>
</testsuite> <!-- nov_18.ReadDataFromPropFile -->
