<?xml version="1.0" encoding="UTF-8"?>
<!-- Generated by org.testng.reporters.JUnitReportReporter -->
<testsuite hostname="TechAltum-PC" name="oct_15.TC02" tests="1" failures="0" timestamp="15 Oct 2017 07:34:43 GMT" time="18.109" errors="0">
  <testcase name="testCase02" time="18.109" classname="oct_15.TC02"/>
</testsuite> <!-- oct_15.TC02 -->
